<?xml version="1.0" encoding="UTF-8"?>
<!-- Generated by org.testng.reporters.JUnitReportReporter -->
<testsuite skipped="0" hostname="LAPTOP-AKU8L8FO" name="QualityKioskTraning.CalculatorAPICICDDemo.Substraction" tests="1" failures="0" timestamp="2021-05-15T11:41:24 IST" time="0.008" errors="0">
  <testcase name="SubtractionWithPositiveNumbers" time="0.008" classname="QualityKioskTraning.CalculatorAPICICDDemo.Substraction"/>
  <system-out/>
</testsuite> <!-- QualityKioskTraning.CalculatorAPICICDDemo.Substraction -->
