<?xml version="1.0" encoding="UTF-8"?>
<!-- Generated by org.testng.reporters.JUnitReportReporter -->
<testsuite skipped="0" hostname="LAPTOP-AKU8L8FO" name="QualityKioskTraning.CalculatorAPICICDDemo.AdditionTestCases" tests="4" failures="0" timestamp="2021-05-15T10:37:09 IST" time="0.025" errors="0">
  <testcase name="TestAdditionWithPositiveNumbers" time="0.008" classname="QualityKioskTraning.CalculatorAPICICDDemo.AdditionTestCases"/>
  <system-out/>
  <testcase name="TestAdditionWithNegativeNumbers" time="0.003" classname="QualityKioskTraning.CalculatorAPICICDDemo.AdditionTestCases"/>
  <system-out/>
  <testcase name="TestAdditionWithPositiveNegativeNumbers" time="0.012" classname="QualityKioskTraning.CalculatorAPICICDDemo.AdditionTestCases"/>
  <system-out/>
  <testcase name="TestAdditionWithZeroNumbers" time="0.002" classname="QualityKioskTraning.CalculatorAPICICDDemo.AdditionTestCases"/>
  <system-out/>
</testsuite> <!-- QualityKioskTraning.CalculatorAPICICDDemo.AdditionTestCases -->
