<?xml version="1.0" encoding="UTF-8"?>
<!-- Generated by org.testng.reporters.JUnitReportReporter -->
<testsuite skipped="0" hostname="LAPTOP-AKU8L8FO" name="QualityKioskTraning.CalculatorAPICICDDemo.Multiplication" tests="4" failures="0" timestamp="2021-05-18T09:45:22 IST" time="0.016" errors="0">
  <testcase name="TestMultiplicationWithTwoPositiveNumbers" time="0.003" classname="QualityKioskTraning.CalculatorAPICICDDemo.Multiplication"/>
  <system-out/>
  <testcase name="TestMultiplicationWithTwoPositiveNumbers" time="0.010" classname="QualityKioskTraning.CalculatorAPICICDDemo.Multiplication"/>
  <system-out/>
  <testcase name="TestMultiplicationWithTwoPositiveNumbers" time="0.002" classname="QualityKioskTraning.CalculatorAPICICDDemo.Multiplication"/>
  <system-out/>
  <testcase name="TestMultiplicationWithTwoPositiveNumbers" time="0.001" classname="QualityKioskTraning.CalculatorAPICICDDemo.Multiplication"/>
  <system-out/>
</testsuite> <!-- QualityKioskTraning.CalculatorAPICICDDemo.Multiplication -->
