<?xml version="1.0" encoding="UTF-8"?>
<!-- Generated by org.testng.reporters.JUnitReportReporter -->
<testsuite skipped="0" hostname="LAPTOP-AKU8L8FO" name="QualityKioskTraning.CalculatorAPICICDDemo.Division" tests="1" failures="0" timestamp="2021-05-18T09:56:53 IST" time="0.010" errors="0">
  <testcase name="DivisionTestWithTwoPositiveNumbers" time="0.010" classname="QualityKioskTraning.CalculatorAPICICDDemo.Division"/>
  <system-out/>
</testsuite> <!-- QualityKioskTraning.CalculatorAPICICDDemo.Division -->
